C51 COMPILER V9.56.0.0   WATERLIGHTS                                                       09/30/2017 01:19:11 PAGE 1   


C51 COMPILER V9.56.0.0, COMPILATION OF MODULE WATERLIGHTS
OBJECT MODULE PLACED IN .\Objects\WaterLights.obj
COMPILER INVOKED BY: D:\Keil_v5\C51\BIN\C51.EXE WaterLights.c OPTIMIZE(8,SPEED) BROWSE DEBUG OBJECTEXTEND PRINT(.\Listin
                    -gs\WaterLights.lst) TABS(2) OBJECT(.\Objects\WaterLights.obj)

line level    source

   1          #include<reg51.h>
   2          void delay(unsigned int i);
   3          unsigned int led = 0xFF;
   4          void main()
   5          {
   6   1        while(1)
   7   1        {
   8   2          P2 = led;
   9   2          delay(200);
  10   2          led = led >> 1;
  11   2          if(led == 0x00)
  12   2          {
  13   3            P2 = led;
  14   3            delay(200);
  15   3            led = 0xFF;
  16   3          }
  17   2        }
  18   1      }
  19          void delay(unsigned int i)
  20          {
  21   1        unsigned int j;
  22   1        for(i;i>0;i--)
  23   1          for(j=255;j>0;j--)
  24   1            ;
  25   1      }


MODULE INFORMATION:   STATIC OVERLAYABLE
   CODE SIZE        =     72    ----
   CONSTANT SIZE    =   ----    ----
   XDATA SIZE       =   ----    ----
   PDATA SIZE       =   ----    ----
   DATA SIZE        =      2    ----
   IDATA SIZE       =   ----    ----
   BIT SIZE         =   ----    ----
END OF MODULE INFORMATION.


C51 COMPILATION COMPLETE.  0 WARNING(S),  0 ERROR(S)
