C51 COMPILER V9.56.0.0   LED1                                                              09/30/2017 00:38:36 PAGE 1   


C51 COMPILER V9.56.0.0, COMPILATION OF MODULE LED1
OBJECT MODULE PLACED IN .\Objects\led1.obj
COMPILER INVOKED BY: D:\Keil_v5\C51\BIN\C51.EXE led1.c OPTIMIZE(8,SPEED) BROWSE DEBUG OBJECTEXTEND PRINT(.\Listings\led1
                    -.lst) TABS(2) OBJECT(.\Objects\led1.obj)

line level    source

   1          #include<reg51.h>
   2          sbit led1 = P2^7;
   3          void main()
   4          {
   5   1        led1 = 0;
   6   1      }


MODULE INFORMATION:   STATIC OVERLAYABLE
   CODE SIZE        =      3    ----
   CONSTANT SIZE    =   ----    ----
   XDATA SIZE       =   ----    ----
   PDATA SIZE       =   ----    ----
   DATA SIZE        =   ----    ----
   IDATA SIZE       =   ----    ----
   BIT SIZE         =   ----    ----
END OF MODULE INFORMATION.


C51 COMPILATION COMPLETE.  0 WARNING(S),  0 ERROR(S)
