C51 COMPILER V9.56.0.0   LCD1602                                                           10/07/2017 19:59:51 PAGE 1   


C51 COMPILER V9.56.0.0, COMPILATION OF MODULE LCD1602
OBJECT MODULE PLACED IN .\Objects\LCD1602.obj
COMPILER INVOKED BY: D:\Keil_v5\C51\BIN\C51.EXE LCD1602.c OPTIMIZE(8,SPEED) BROWSE DEBUG OBJECTEXTEND PRINT(.\Listings\L
                    -CD1602.lst) TABS(2) OBJECT(.\Objects\LCD1602.obj)

line level    source

   1          #include<reg51.h>
   2          #define uchar unsigned char
   3          #define uint unsigned int
   4          uchar code table1[]="Li Zongfeng";
   5          uchar code table2[]="http://lzf.kim";
   6          sbit lcden=P2^7;
   7          sbit lcdrs=P2^6;
   8          //sbit lcdrw=P2^5;
   9          void delay(uint i);
  10          void write_cmd(uchar cmd);
  11          void write_data(uchar dat);
  12          void init(void);
  13          //bit lcd_bz();
  14          void main()
  15          {
  16   1          uchar i;
  17   1          init();
  18   1          //lcdrw=0;
  19   1          write_cmd(0x80);
  20   1          i=0;
  21   1          while(table1[i]!='\0')
  22   1          {
  23   2              write_data(table1[i]);
  24   2              i++;
  25   2              delay(5);
  26   2          }
  27   1          write_cmd(0x80+0x40);
  28   1          i=0;
  29   1          while(table2[i]!='\0')
  30   1          {
  31   2              write_data(table2[i]);
  32   2              i++;
  33   2              delay(5);
  34   2          }
  35   1          while(1);
  36   1      }
  37          void delay(uint i)
  38          {
  39   1          uint j;
  40   1          for(i;i>0;i--)
  41   1              for(j=110;j>0;j--);
  42   1      }
  43          void write_cmd(uchar cmd)
  44          {
  45   1          //while(lcd_bz());
  46   1          lcdrs=0;
  47   1          //delay(5);
  48   1          P0=cmd;
  49   1          delay(5);
  50   1          lcden=1;
  51   1          delay(5);
  52   1          lcden=0;
  53   1      }
  54          void write_data(uchar dat)
C51 COMPILER V9.56.0.0   LCD1602                                                           10/07/2017 19:59:51 PAGE 2   

  55          {
  56   1          //while(lcd_bz());
  57   1          lcdrs=1;
  58   1          //delay(5);
  59   1          P0=dat;
  60   1          delay(5);
  61   1          lcden=1;
  62   1          delay(5);
  63   1          lcden=0;
  64   1      }
  65          void init(void)
  66          {
  67   1          lcden=0;
  68   1          write_cmd(0x38);
  69   1          //delay(5);
  70   1          write_cmd(0x0C);
  71   1          //delay(5);
  72   1          write_cmd(0x06);
  73   1          //delay(5);
  74   1          write_cmd(0x01);
  75   1          //delay(5);
  76   1      }
  77          /*bit lcd_bz()
  78          {           
  79              bit result;
  80              lcdrs = 0;
  81              lcdrw = 1;
  82              lcden = 1;
  83              delay(5);
  84              result = (bit)(P0&0x80);
  85              lcden = 0;
  86              return result;
  87          }*/


MODULE INFORMATION:   STATIC OVERLAYABLE
   CODE SIZE        =    142    ----
   CONSTANT SIZE    =     27    ----
   XDATA SIZE       =   ----    ----
   PDATA SIZE       =   ----    ----
   DATA SIZE        =   ----       1
   IDATA SIZE       =   ----    ----
   BIT SIZE         =   ----    ----
END OF MODULE INFORMATION.


C51 COMPILATION COMPLETE.  0 WARNING(S),  0 ERROR(S)
