C51 COMPILER V9.56.0.0   DIGITALTUBE                                                       10/03/2017 09:35:55 PAGE 1   


C51 COMPILER V9.56.0.0, COMPILATION OF MODULE DIGITALTUBE
OBJECT MODULE PLACED IN .\Objects\DigitalTube.obj
COMPILER INVOKED BY: D:\Keil_v5\C51\BIN\C51.EXE DigitalTube.c OPTIMIZE(8,SPEED) BROWSE DEBUG OBJECTEXTEND PRINT(.\Listin
                    -gs\DigitalTube.lst) TABS(2) OBJECT(.\Objects\DigitalTube.obj)

line level    source

   1          #include <reg51.h>
   2          #define uint unsigned int
   3          
   4          void display(uint i);
   5          void select(uint i);
   6          void delay(uint i);
   7          
   8          uint num;
   9          int counter;
  10          
  11          // 定时器1初始化程序
  12          void InitTimer1(void)
  13          {
  14   1          TMOD = 0x10;
  15   1          TH1 = 0x4C;
  16   1          TL1 = 0x00;
  17   1          EA = 1;
  18   1          ET1 = 1;
  19   1          TR1 = 1;
  20   1      }
  21          
  22          void main(void)
  23          {
  24   1          InitTimer1();
  25   1          num=0;
  26   1          counter=60;
  27   1          while(1)
  28   1          {
  29   2              select(1);
  30   2              display(counter/10);
  31   2              delay(1);
  32   2              P0=0x00;
  33   2              select(2);
  34   2              display(counter%10);
  35   2              delay(1);
  36   2              P0=0x00;
  37   2              if(num==20)
  38   2              {
  39   3                  num=0;
  40   3                  counter--;
  41   3                  if(counter<0)
  42   3                      counter=60;
  43   3              }
  44   2          }
  45   1      }
  46          
  47          // 定时器1中断服务程序
  48          void Timer1Interrupt(void) interrupt 3
  49          {
  50   1          TH1 = 0x4C;
  51   1          TL1 = 0x00;
  52   1          //add your code here!
  53   1          num++; //中断服务程序要短,功能尽量写在其他函数或主函数里
  54   1      }
C51 COMPILER V9.56.0.0   DIGITALTUBE                                                       10/03/2017 09:35:55 PAGE 2   

  55          
  56          // 数码管显示程序
  57          void display(uint i)
  58          {
  59   1          switch(i)
  60   1          {
  61   2              case 0:P0=~0xC0;break;
  62   2              case 1:P0=~0xF9;break;
  63   2              case 2:P0=~0xA4;break;
  64   2              case 3:P0=~0xB0;break;
  65   2              case 4:P0=~0x99;break;
  66   2              case 5:P0=~0x92;break;
  67   2              case 6:P0=~0x82;break;
  68   2              case 7:P0=~0xF8;break;
  69   2              case 8:P0=~0x80;break;
  70   2              case 9:P0=~0x90;break;
  71   2          }
  72   1      }
  73          
  74          // 数码管位选程序
  75          void select(uint i)
  76          {
  77   1          switch(i)
  78   1          {
  79   2              case 0:P1=0xFF;break;
  80   2              case 1:P1=0xFE;break;
  81   2              case 2:P1=0xFD;break;
  82   2              case 3:P1=0xFB;break;
  83   2              case 4:P1=0xF7;break;
  84   2              case 5:P1=0xEF;break;
  85   2              case 6:P1=0xDF;break;
  86   2              case 7:P1=0xBF;break;
  87   2              case 8:P1=0x7F;break;
  88   2              case 9:P1=0x00;break;
  89   2          }
  90   1      }
  91          
  92          // 数码管刷新的延时
  93          void delay(uint i)
  94          {
  95   1        uint j;
  96   1        for(i;i>0;i--)
  97   1          for(j=110;j>0;j--)
  98   1            ;
  99   1      }


MODULE INFORMATION:   STATIC OVERLAYABLE
   CODE SIZE        =    352    ----
   CONSTANT SIZE    =   ----    ----
   XDATA SIZE       =   ----    ----
   PDATA SIZE       =   ----    ----
   DATA SIZE        =      4    ----
   IDATA SIZE       =   ----    ----
   BIT SIZE         =   ----    ----
END OF MODULE INFORMATION.


C51 COMPILATION COMPLETE.  0 WARNING(S),  0 ERROR(S)
