C51 COMPILER V9.56.0.0   MARQUEE                                                           09/30/2017 11:48:31 PAGE 1   


C51 COMPILER V9.56.0.0, COMPILATION OF MODULE MARQUEE
OBJECT MODULE PLACED IN .\Objects\Marquee.obj
COMPILER INVOKED BY: D:\Keil_v5\C51\BIN\C51.EXE Marquee.c OPTIMIZE(8,SPEED) BROWSE DEBUG OBJECTEXTEND PRINT(.\Listings\M
                    -arquee.lst) TABS(2) OBJECT(.\Objects\Marquee.obj)

line level    source

   1          #include<reg51.h>
   2          #include<intrins.h>
   3          #define uint unsigned int
   4          void delay(uint i);
   5          uint led = 0x7F;
   6          void main()
   7          {
   8   1        while(1)
   9   1        {
  10   2          P2 = led;
  11   2          delay(200);
  12   2          led = _cror_(led,1);
  13   2          if(led == 0x00)
  14   2          {
  15   3            P2 = led;
  16   3            delay(200);
  17   3            led = 0x7F;
  18   3          }
  19   2        }
  20   1      }
  21          void delay(uint i)
  22          {
  23   1        uint j;
  24   1        for(i;i>0;i--)
  25   1          for(j=255;j>0;j--)
  26   1            ;
  27   1      }


MODULE INFORMATION:   STATIC OVERLAYABLE
   CODE SIZE        =     77    ----
   CONSTANT SIZE    =   ----    ----
   XDATA SIZE       =   ----    ----
   PDATA SIZE       =   ----    ----
   DATA SIZE        =      2    ----
   IDATA SIZE       =   ----    ----
   BIT SIZE         =   ----    ----
END OF MODULE INFORMATION.


C51 COMPILATION COMPLETE.  0 WARNING(S),  0 ERROR(S)
