C51 COMPILER V9.56.0.0   DYNAMICDISPLAY                                                    09/30/2017 17:52:14 PAGE 1   


C51 COMPILER V9.56.0.0, COMPILATION OF MODULE DYNAMICDISPLAY
OBJECT MODULE PLACED IN .\Objects\DynamicDisplay.obj
COMPILER INVOKED BY: D:\Keil_v5\C51\BIN\C51.EXE DynamicDisplay.c OPTIMIZE(8,SPEED) BROWSE DEBUG OBJECTEXTEND PRINT(.\Lis
                    -tings\DynamicDisplay.lst) TABS(2) OBJECT(.\Objects\DynamicDisplay.obj)

line level    source

   1          #include<reg51.h>
   2          #define uint unsigned int
   3          void delay(uint i);
   4          void display(uint i);
   5          void select(uint i);
   6          void main()
   7          {
   8   1        uint led;
   9   1        while(1)
  10   1        {
  11   2          for(led=1;led<=8;led++)
  12   2          {
  13   3            select(led); //选择第led个数码管
  14   3            display(led); //在第led个数码管上显示数字led
  15   3            delay(1); //延时过高会导致闪烁,过低会导致亮度低
  16   3            P0=0x00; //消影,不进行这步操作会导致数码管本来不应该亮的位置有辉光
  17   3          }
  18   2        }
  19   1      }
  20          void delay(uint i)
  21          {
  22   1        uint j;
  23   1        for(i;i>0;i--)
  24   1          for(j=110;j>0;j--)
  25   1            ;
  26   1      }
  27          void display(uint i)
  28          {
  29   1        switch(i)
  30   1        {
  31   2          case 0:P0=~0xC0;break;
  32   2          case 1:P0=~0xF9;break;
  33   2          case 2:P0=~0xA4;break;
  34   2          case 3:P0=~0xB0;break;
  35   2          case 4:P0=~0x99;break;
  36   2          case 5:P0=~0x92;break;
  37   2          case 6:P0=~0x82;break;
  38   2          case 7:P0=~0xF8;break;
  39   2          case 8:P0=~0x80;break;
  40   2          case 9:P0=~0x90;break;
  41   2        }
  42   1      }
  43          void select(uint i)
  44          {
  45   1        switch(i)
  46   1        {
  47   2          case 0:P1=0xFF;break;
  48   2          case 1:P1=0xFE;break;
  49   2          case 2:P1=0xFD;break;
  50   2          case 3:P1=0xFB;break;
  51   2          case 4:P1=0xF7;break;
  52   2          case 5:P1=0xEF;break;
  53   2          case 6:P1=0xDF;break;
  54   2          case 7:P1=0xBF;break;
C51 COMPILER V9.56.0.0   DYNAMICDISPLAY                                                    09/30/2017 17:52:14 PAGE 2   

  55   2          case 8:P1=0x7F;break;
  56   2          case 9:P1=0x00;break;
  57   2        }
  58   1      }


MODULE INFORMATION:   STATIC OVERLAYABLE
   CODE SIZE        =    251    ----
   CONSTANT SIZE    =   ----    ----
   XDATA SIZE       =   ----    ----
   PDATA SIZE       =   ----    ----
   DATA SIZE        =   ----       2
   IDATA SIZE       =   ----    ----
   BIT SIZE         =   ----    ----
END OF MODULE INFORMATION.


C51 COMPILATION COMPLETE.  0 WARNING(S),  0 ERROR(S)
