                        .module AccessControlSystem.c
                        .area text(rom, con, rel)
 0000                   .dbfile AccessControlSystem.c
 0000                   .dbfile F:\工作\单片机\WorkSpace\AccessControlSystem\AccessControlSystem.c
 0000                   .dbfunc e main _main fV
                        .even
 0000           _main::
 0000                   .dbline -1
 0000                   .dbline 10
 0000           ; #include <iom128v.h>
 0000           ; #include <macros.h>
 0000           ; #include "USART_Operate.h"
 0000           ; #include "FingerprintOperate.h"
 0000           ; #include "LCD_Operate.h"
 0000           ; #include "KeyboardOperate.h"
 0000           ; #include "GlobalDefine.h"
 0000           ; 
 0000           ; void main(void)
 0000           ; {
 0000                   .dbline 11
 0000           ;       USART0_Init(MYUBRR0);
 0000 05E0              ldi R16,5
 0002 10E0              ldi R17,0
 0004 0E940000          xcall _USART0_Init
 0008           L2:
 0008                   .dbline 12
 0008           ;       while(1);
 0008           L3:
 0008                   .dbline 12
 0008 FFCF              xjmp L2
 000A           X0:
 000A                   .dbline -2
 000A           L1:
 000A                   .dbline 0 ; func end
 000A 0895              ret
 000C                   .dbend
 000C           ; }
