C51 COMPILER V9.56.0.0   BINARYPLUS                                                        09/30/2017 00:59:40 PAGE 1   


C51 COMPILER V9.56.0.0, COMPILATION OF MODULE BINARYPLUS
OBJECT MODULE PLACED IN .\Objects\BinaryPlus.obj
COMPILER INVOKED BY: D:\Keil_v5\C51\BIN\C51.EXE BinaryPlus.c OPTIMIZE(8,SPEED) BROWSE DEBUG OBJECTEXTEND PRINT(.\Listing
                    -s\BinaryPlus.lst) TABS(2) OBJECT(.\Objects\BinaryPlus.obj)

line level    source

   1          #include<reg51.h>
   2          void delay(unsigned int i);
   3          unsigned int led = 0xFF;
   4          void main()
   5          {
   6   1        while(1)
   7   1        {
   8   2          delay(200);
   9   2          led = led - 1;
  10   2          P2 = led;
  11   2        }
  12   1      }
  13          void delay(unsigned int i)
  14          {
  15   1        unsigned int j;
  16   1        for(i;i>0;i--)
  17   1          for(j=255;j>0;j--)
  18   1            ;
  19   1      }


MODULE INFORMATION:   STATIC OVERLAYABLE
   CODE SIZE        =     50    ----
   CONSTANT SIZE    =   ----    ----
   XDATA SIZE       =   ----    ----
   PDATA SIZE       =   ----    ----
   DATA SIZE        =      2    ----
   IDATA SIZE       =   ----    ----
   BIT SIZE         =   ----    ----
END OF MODULE INFORMATION.


C51 COMPILATION COMPLETE.  0 WARNING(S),  0 ERROR(S)
