C51 COMPILER V9.56.0.0   KEYS                                                              10/05/2017 20:04:03 PAGE 1   


C51 COMPILER V9.56.0.0, COMPILATION OF MODULE KEYS
OBJECT MODULE PLACED IN .\Objects\Keys.obj
COMPILER INVOKED BY: D:\Keil_v5\C51\BIN\C51.EXE Keys.c OPTIMIZE(8,SPEED) BROWSE DEBUG OBJECTEXTEND PRINT(.\Listings\Keys
                    -.lst) TABS(2) OBJECT(.\Objects\Keys.obj)

line level    source

   1          #include <reg51.h>
   2          #define uint unsigned int
   3          sbit k5  = P3^4;
   4          sbit k6  = P3^5;
   5          sbit k7  = P3^6;
   6          sbit k8  = P3^7;
   7          sbit led = P2^7;
   8          
   9          void display(uint i);
  10          void select(uint i);
  11          void delay(uint i);
  12          void keyscan(void);
  13          
  14          uint num;
  15          int counter;
  16          
  17          void InitTimer1(void)
  18          {
  19   1          TMOD = 0x10;
  20   1          TH1  = 0x4C;
  21   1          TL1  = 0x00;
  22   1          EA   = 1;
  23   1          ET1  = 1;
  24   1      }
  25          
  26          void main(void)
  27          {
  28   1          InitTimer1();
  29   1          num=0;
  30   1          counter=0;
  31   1          while(1)
  32   1          {
  33   2            keyscan(); // TODO: Fix k5 and k7
  34   2              select(1);
  35   2              display(counter/10);
  36   2              delay(1);
  37   2              P0=0x00;
  38   2              select(2);
  39   2              display(counter%10);
  40   2              delay(1);
  41   2              P0=0x00;
  42   2          }
  43   1      }
  44          
  45          void Timer1Interrupt(void) interrupt 3
  46          {
  47   1          TH1 = 0x4C;
  48   1          TL1 = 0x00;
  49   1          //add your code here!
  50   1          num++;
  51   1          if(num==20)
  52   1          {
  53   2              num=0;
  54   2              counter++;
C51 COMPILER V9.56.0.0   KEYS                                                              10/05/2017 20:04:03 PAGE 2   

  55   2              if(counter==60)
  56   2                  counter=0;
  57   2              if(counter==-1)
  58   2                  counter=59;
  59   2          }
  60   1      }
  61          
  62          void display(uint i)
  63          {
  64   1          switch(i)
  65   1          {
  66   2              case 0:P0=~0xC0;break;
  67   2              case 1:P0=~0xF9;break;
  68   2              case 2:P0=~0xA4;break;
  69   2              case 3:P0=~0xB0;break;
  70   2              case 4:P0=~0x99;break;
  71   2              case 5:P0=~0x92;break;
  72   2              case 6:P0=~0x82;break;
  73   2              case 7:P0=~0xF8;break;
  74   2              case 8:P0=~0x80;break;
  75   2              case 9:P0=~0x90;break;
  76   2          }
  77   1      }
  78          
  79          void select(uint i)
  80          {
  81   1          switch(i)
  82   1          {
  83   2              case 0:P1=0xFF;break;
  84   2              case 1:P1=0xFE;break;
  85   2              case 2:P1=0xFD;break;
  86   2              case 3:P1=0xFB;break;
  87   2              case 4:P1=0xF7;break;
  88   2              case 5:P1=0xEF;break;
  89   2              case 6:P1=0xDF;break;
  90   2              case 7:P1=0xBF;break;
  91   2              case 8:P1=0x7F;break;
  92   2              case 9:P1=0x00;break;
  93   2          }
  94   1      }
  95          
  96          void delay(uint i)
  97          {
  98   1        uint j;
  99   1        for(i;i>0;i--)
 100   1          for(j=110;j>0;j--);
 101   1      }
 102          
 103          void keyscan()
 104          {
 105   1          if(k5==0)
 106   1          {
 107   2              delay(50); //Eliminate jitter
 108   2              if(k5==0)
 109   2              {
 110   3                  led=~led; //Test if the key pressed
 111   3                  counter++;
 112   3                  if(counter==60)
 113   3                      counter=0;
 114   3                  if(counter==-1)
 115   3                      counter=59;
 116   3                  while(!k5); //Wait for release the key
C51 COMPILER V9.56.0.0   KEYS                                                              10/05/2017 20:04:03 PAGE 3   

 117   3              }
 118   2          }
 119   1          if(k6==0)
 120   1          {
 121   2              delay(50);
 122   2              if(k6==0)
 123   2              {
 124   3                  led=~led;
 125   3                  counter--;
 126   3                  if(counter==60)
 127   3                      counter=0;
 128   3                  if(counter==-1)
 129   3                      counter=59;
 130   3                  while(!k6);
 131   3              }
 132   2          }
 133   1          if(k7==0)
 134   1          {
 135   2              delay(50);
 136   2              if(k7==0)
 137   2              {
 138   3                  led=~led;
 139   3                  counter=0;
 140   3                  if(counter==60)
 141   3                      counter=0;
 142   3                  if(counter==-1)
 143   3                      counter=59;
 144   3                  while(!k7);
 145   3              }
 146   2          }
 147   1          if(k8==0)
 148   1          {
 149   2              delay(50);
 150   2              if(k8==0)
 151   2              {
 152   3                  led=~led;
 153   3                  while(!k8);
 154   3                  TR1=~TR1; //Turn on/off timer1
 155   3              }
 156   2          }
 157   1      }


MODULE INFORMATION:   STATIC OVERLAYABLE
   CODE SIZE        =    531    ----
   CONSTANT SIZE    =   ----    ----
   XDATA SIZE       =   ----    ----
   PDATA SIZE       =   ----    ----
   DATA SIZE        =      4    ----
   IDATA SIZE       =   ----    ----
   BIT SIZE         =   ----    ----
END OF MODULE INFORMATION.


C51 COMPILATION COMPLETE.  0 WARNING(S),  0 ERROR(S)
