C51 COMPILER V9.56.0.0   KEYBOARD                                                          10/07/2017 00:06:35 PAGE 1   


C51 COMPILER V9.56.0.0, COMPILATION OF MODULE KEYBOARD
OBJECT MODULE PLACED IN .\Objects\Keyboard.obj
COMPILER INVOKED BY: D:\Keil_v5\C51\BIN\C51.EXE Keyboard.c OPTIMIZE(8,SPEED) BROWSE DEBUG OBJECTEXTEND PRINT(.\Listings\
                    -Keyboard.lst) TABS(2) OBJECT(.\Objects\Keyboard.obj)

line level    source

   1          #include<reg51.h>
   2          #define uint unsigned int
   3          
   4          void delay(uint i);
   5          void display(uint i);
   6          void select(uint i);
   7          int keyscan(void);
   8          
   9          void main()
  10          {
  11   1          int key=0;
  12   1          while(1)
  13   1          {
  14   2              select(1);
  15   2              display(key/10);
  16   2              delay(1);
  17   2              display(1000);
  18   2              select(2);
  19   2              display(key%10);
  20   2              delay(1);
  21   2              display(1000);
  22   2              if(keyscan()!=0)
  23   2                  key=keyscan();
  24   2          }
  25   1      }
  26          void delay(uint i)
  27          {
  28   1          uint j;
  29   1          for(i;i>0;i--)
  30   1              for(j=110;j>0;j--);
  31   1      }
  32          void display(uint i)
  33          {
  34   1          switch(i)
  35   1          {
  36   2              case 0:P0=~0xC0;break;
  37   2              case 1:P0=~0xF9;break;
  38   2              case 2:P0=~0xA4;break;
  39   2              case 3:P0=~0xB0;break;
  40   2              case 4:P0=~0x99;break;
  41   2              case 5:P0=~0x92;break;
  42   2              case 6:P0=~0x82;break;
  43   2              case 7:P0=~0xF8;break;
  44   2              case 8:P0=~0x80;break;
  45   2              case 9:P0=~0x90;break;
  46   2              default:P0=0x00;break;
  47   2          }
  48   1      }
  49          void select(uint i)
  50          {
  51   1          switch(i)
  52   1          {
  53   2              case 0:P1=0xFF;break;
  54   2              case 1:P1=0xFE;break;
C51 COMPILER V9.56.0.0   KEYBOARD                                                          10/07/2017 00:06:35 PAGE 2   

  55   2              case 2:P1=0xFD;break;
  56   2              case 3:P1=0xFB;break;
  57   2              case 4:P1=0xF7;break;
  58   2              case 5:P1=0xEF;break;
  59   2              case 6:P1=0xDF;break;
  60   2              case 7:P1=0xBF;break;
  61   2              case 8:P1=0x7F;break;
  62   2              case 9:P1=0x00;break;
  63   2          }
  64   1      }
  65          int keyscan(void)
  66          {
  67   1          uint temp;
  68   1          P2=0xBF;
  69   1          temp=P2;
  70   1          temp=temp&0x0F;
  71   1          if(temp!=0x0F)
  72   1          {
  73   2              delay(10);
  74   2              temp=P2;
  75   2              temp=temp&0x0F;
  76   2              if(temp!=0x0F)
  77   2              {
  78   3                  temp=P2;
  79   3                  switch(temp)
  80   3                  {
  81   4                      case 0xB7:return 1;break;
  82   4                      case 0xBB:return 2;break;
  83   4                      case 0xBD:return 3;break;
  84   4                      case 0xBE:return 4;break;
  85   4                  }
  86   3              }
  87   2          }
  88   1          P2=0xDF;
  89   1          temp=P2;
  90   1          temp=temp&0x0F;
  91   1          if(temp!=0x0F)
  92   1          {
  93   2              delay(10);
  94   2              temp=P2;
  95   2              temp=temp&0x0F;
  96   2              if(temp!=0x0F)
  97   2              {
  98   3                  temp=P2;
  99   3                  switch(temp)
 100   3                  {
 101   4                      case 0xD7:return 5;break;
 102   4                      case 0xDB:return 6;break;
 103   4                      case 0xDD:return 7;break;
 104   4                      case 0xDE:return 8;break;
 105   4                  }
 106   3              }
 107   2          }
 108   1          P2=0xEF;
 109   1          temp=P2;
 110   1          temp=temp&0x0F;
 111   1          if(temp!=0x0F)
 112   1          {
 113   2              delay(10);
 114   2              temp=P2;
 115   2              temp=temp&0x0F;
 116   2              if(temp!=0x0F)
C51 COMPILER V9.56.0.0   KEYBOARD                                                          10/07/2017 00:06:35 PAGE 3   

 117   2              {
 118   3                  temp=P2;
 119   3                  switch(temp)
 120   3                  {
 121   4                      case 0xE7:return 9;break;
 122   4                      case 0xEB:return 10;break;
 123   4                      case 0xED:return 11;break;
 124   4                      case 0xEE:return 12;break;
 125   4                  }
 126   3              }
 127   2          }
 128   1          return 0;
 129   1      }


MODULE INFORMATION:   STATIC OVERLAYABLE
   CODE SIZE        =    597    ----
   CONSTANT SIZE    =   ----    ----
   XDATA SIZE       =   ----    ----
   PDATA SIZE       =   ----    ----
   DATA SIZE        =   ----       4
   IDATA SIZE       =   ----    ----
   BIT SIZE         =   ----    ----
END OF MODULE INFORMATION.


C51 COMPILATION COMPLETE.  0 WARNING(S),  0 ERROR(S)
