C51 COMPILER V9.56.0.0   BLINK                                                             09/30/2017 00:40:40 PAGE 1   


C51 COMPILER V9.56.0.0, COMPILATION OF MODULE BLINK
OBJECT MODULE PLACED IN .\Objects\Blink.obj
COMPILER INVOKED BY: D:\Keil_v5\C51\BIN\C51.EXE Blink.c OPTIMIZE(8,SPEED) BROWSE DEBUG OBJECTEXTEND PRINT(.\Listings\Bli
                    -nk.lst) TABS(2) OBJECT(.\Objects\Blink.obj)

line level    source

   1          #include<reg51.h>
   2          void delay(unsigned int i);
   3          sbit led1 = P2^7;
   4          void main()
   5          {
   6   1        while(1)
   7   1        {
   8   2          led1 = 0;
   9   2          delay(500);
  10   2          led1 = 1;
  11   2          delay(500);
  12   2        }
  13   1      }
  14          void delay(unsigned int i)
  15          {
  16   1        unsigned int j;
  17   1        for(i;i>0;i--)
  18   1          for(j=255;j>0;j--)
  19   1            ;
  20   1      }


MODULE INFORMATION:   STATIC OVERLAYABLE
   CODE SIZE        =     50    ----
   CONSTANT SIZE    =   ----    ----
   XDATA SIZE       =   ----    ----
   PDATA SIZE       =   ----    ----
   DATA SIZE        =   ----    ----
   IDATA SIZE       =   ----    ----
   BIT SIZE         =   ----    ----
END OF MODULE INFORMATION.


C51 COMPILATION COMPLETE.  0 WARNING(S),  0 ERROR(S)
